<?xml version="1.0" encoding="UTF-8"?>
<!-- Generated by org.testng.reporters.JUnitReportReporter -->
<testsuite hostname="DESKTOP-ESR4EG4" name="test.NewTest4" tests="3" failures="0" timestamp="24 May 2021 14:39:55 GMT" time="0.007" errors="0">
  <testcase name="APIloginHomeLoan" time="0.002" classname="test.NewTest4"/>
  <testcase name="MobileloginHomeLoan" time="0.002" classname="test.NewTest4"/>
  <testcase name="WebloginHomeLoan" time="0.003" classname="test.NewTest4"/>
</testsuite> <!-- test.NewTest4 -->
