<?xml version="1.0" encoding="UTF-8"?>
<!-- Generated by org.testng.reporters.JUnitReportReporter -->
<testsuite hostname="DESKTOP-ESR4EG4" name="test.NewTest" tests="2" failures="0" timestamp="24 May 2021 14:39:55 GMT" time="0.020" errors="0">
  <testcase name="demo2" time="0.009" classname="test.NewTest"/>
  <testcase name="demo1" time="0.011" classname="test.NewTest"/>
</testsuite> <!-- test.NewTest -->
