<?xml version="1.0" encoding="UTF-8"?>
<!-- Generated by org.testng.reporters.JUnitReportReporter -->
<testsuite hostname="DESKTOP-ESR4EG4" name="test.NewTest2" tests="1" failures="0" timestamp="24 May 2021 14:39:55 GMT" time="0.002" errors="0">
  <testcase name="demo3" time="0.002" classname="test.NewTest2"/>
</testsuite> <!-- test.NewTest2 -->
