<?xml version="1.0" encoding="UTF-8"?>
<!-- Generated by org.testng.reporters.JUnitReportReporter -->
<testsuite hostname="DESKTOP-ESR4EG4" name="test.NewTest3" tests="3" failures="0" timestamp="24 May 2021 14:39:55 GMT" time="0.008" errors="0">
  <testcase name="WebloginCarLoan" time="0.003" classname="test.NewTest3"/>
  <testcase name="MobileloginCarLoan" time="0.002" classname="test.NewTest3"/>
  <testcase name="APIloginCarLoan" time="0.003" classname="test.NewTest3"/>
</testsuite> <!-- test.NewTest3 -->
